<?xml version="1.0" encoding="UTF-8"?>
<!-- Generated by org.testng.reporters.JUnitXMLReporter -->
<testsuite ignored="0" hostname="DESKTOP-S344IQT" failures="0" tests="4" name="Test" time="0.043" errors="0" timestamp="2022-09-02T16:23:10 IST">
  <testcase classname="testNG.TestCase01" name="m1" time="0.006"/>
  <testcase classname="testNG.TestCase01" name="m2" time="0.001"/>
  <testcase classname="testNG.TestCase01" name="m3" time="0.001"/>
  <testcase classname="testNG.TestCase01" name="m4" time="0.001"/>
</testsuite> <!-- Test -->
