<?xml version="1.0" encoding="UTF-8"?>
<testng-results ignored="0" total="4" passed="4" failed="0" skipped="0">
  <reporter-output>
  </reporter-output>
  <suite started-at="2022-09-02T16:23:10 IST" name="Suite" finished-at="2022-09-02T16:23:10 IST" duration-ms="43">
    <groups>
      <group name="my test">
        <method signature="TestCase01.m2()[pri:0, instance:testNG.TestCase01@865dd6]" name="m2" class="testNG.TestCase01"/>
        <method signature="TestCase01.m3()[pri:0, instance:testNG.TestCase01@865dd6]" name="m3" class="testNG.TestCase01"/>
      </group> <!-- my test -->
    </groups>
    <test started-at="2022-09-02T16:23:10 IST" name="Test" finished-at="2022-09-02T16:23:10 IST" duration-ms="43">
      <class name="testNG.TestCase01">
        <test-method signature="m1()[pri:0, instance:testNG.TestCase01@865dd6]" started-at="2022-09-02T16:23:10 IST" name="m1" finished-at="2022-09-02T16:23:10 IST" duration-ms="6" status="PASS">
          <reporter-output>
          </reporter-output>
        </test-method> <!-- m1 -->
        <test-method signature="m2()[pri:0, instance:testNG.TestCase01@865dd6]" started-at="2022-09-02T16:23:10 IST" name="m2" finished-at="2022-09-02T16:23:10 IST" duration-ms="1" status="PASS">
          <reporter-output>
          </reporter-output>
        </test-method> <!-- m2 -->
        <test-method signature="m3()[pri:0, instance:testNG.TestCase01@865dd6]" started-at="2022-09-02T16:23:10 IST" name="m3" finished-at="2022-09-02T16:23:10 IST" duration-ms="1" status="PASS">
          <reporter-output>
          </reporter-output>
        </test-method> <!-- m3 -->
        <test-method signature="m4()[pri:0, instance:testNG.TestCase01@865dd6]" started-at="2022-09-02T16:23:10 IST" name="m4" finished-at="2022-09-02T16:23:10 IST" duration-ms="1" status="PASS">
          <reporter-output>
          </reporter-output>
        </test-method> <!-- m4 -->
      </class> <!-- testNG.TestCase01 -->
    </test> <!-- Test -->
  </suite> <!-- Suite -->
</testng-results>
